2018-08-09 17:51:39.786  WARN 14356 --- [http-nio-8090-exec-5] com.alibaba.druid.pool.DruidDataSource   : get connection timeout retry : 1
2018-08-09 17:51:42.094 DEBUG 14356 --- [http-nio-8090-exec-5] c.n.e.s.dao.UserMapper.selectByPassword  : ==>  Preparing: select id, username, password, name, sex, phone, telephone, email, type from user where username=? AND password=? 
2018-08-09 17:51:43.058 DEBUG 14356 --- [http-nio-8090-exec-5] c.n.e.s.dao.UserMapper.selectByPassword  : ==> Parameters: manager(String), 78AE9A36AD80C5D88220578EF91F9E56(String)
2018-08-09 17:51:43.881 DEBUG 14356 --- [http-nio-8090-exec-5] c.n.e.s.dao.UserMapper.selectByPassword  : <==      Total: 1
2018-08-09 17:51:45.678 DEBUG 14356 --- [http-nio-8090-exec-6] c.n.e.s.d.UserMapper.selectByPrimaryKey  : ==>  Preparing: select id, username, password, name, sex, phone, telephone, email, type from user where id = ? 
2018-08-09 17:51:45.740 DEBUG 14356 --- [http-nio-8090-exec-6] c.n.e.s.d.UserMapper.selectByPrimaryKey  : ==> Parameters: 1(Integer)
2018-08-09 17:51:45.865 DEBUG 14356 --- [http-nio-8090-exec-6] c.n.e.s.d.UserMapper.selectByPrimaryKey  : <==      Total: 1
2018-08-09 17:53:36.615 DEBUG 14356 --- [http-nio-8090-exec-10] c.n.e.s.dao.UserMapper.selectByPassword  : ==>  Preparing: select id, username, password, name, sex, phone, telephone, email, type from user where username=? AND password=? 
2018-08-09 17:53:36.631 DEBUG 14356 --- [http-nio-8090-exec-10] c.n.e.s.dao.UserMapper.selectByPassword  : ==> Parameters: admin(String), B9D11B3BE25F5A1A7DC8CA04CD310B28(String)
2018-08-09 17:53:36.631 DEBUG 14356 --- [http-nio-8090-exec-10] c.n.e.s.dao.UserMapper.selectByPassword  : <==      Total: 1
2018-08-09 17:53:36.756 DEBUG 14356 --- [http-nio-8090-exec-8] c.n.e.s.d.UserMapper.selectByPrimaryKey  : ==>  Preparing: select id, username, password, name, sex, phone, telephone, email, type from user where id = ? 
2018-08-09 17:53:36.756 DEBUG 14356 --- [http-nio-8090-exec-8] c.n.e.s.d.UserMapper.selectByPrimaryKey  : ==> Parameters: 9(Integer)
2018-08-09 17:53:36.756 DEBUG 14356 --- [http-nio-8090-exec-8] c.n.e.s.d.UserMapper.selectByPrimaryKey  : <==      Total: 1
2018-08-09 17:53:39.287 DEBUG 14356 --- [http-nio-8090-exec-1] c.n.e.s.d.R.getCommitRegister            : ==>  Preparing: SELECT register_maintain.id as id,platform.name as plat_name, pro_maintain.id as maintain_id,pro_maintain.name as maintain_name, com_maintainer.id as maintainer_id,com_maintainer.name as maintainer_name, com_supplier.id as supplier_id,com_supplier.name as supplier_name, user.id as user_id,user.name as user_name, register_maintain.price,register_maintain.count, register_maintain.total_price,register_maintain.remark, register_maintain.create_time,register_maintain.status FROM register_maintain,user,pro_maintain,com_maintainer,com_supplier,platform WHERE pro_maintain.plat_id = platform.id AND register_maintain.maintain_id = pro_maintain.id AND register_maintain.maintainer_id = com_maintainer.id AND register_maintain.supplier_id = com_supplier.id AND register_maintain.user_id = user.id AND status = ? order by create_time DESC 
2018-08-09 17:53:39.396 DEBUG 14356 --- [http-nio-8090-exec-1] c.n.e.s.d.R.getCommitRegister            : ==> Parameters: 1(Integer)
2018-08-09 17:53:41.659 DEBUG 14356 --- [http-nio-8090-exec-2] c.n.e.s.d.R.getCommitRegister            : ==>  Preparing: SELECT register_material.id as id,platform.name as plat_name, pro_material.id as material_id,pro_material.name as material_name, com_producer.id as producer_id,com_producer.name as producer_name, com_supplier.id as supplier_id,com_supplier.name as supplier_name, user.id as user_id,user.name as user_name, register_material.price,register_material.count, register_material.total_price,register_material.remark, register_material.create_time,register_material.status FROM register_material,user,pro_material,com_producer,com_supplier,platform WHERE pro_material.plat_id = platform.id AND register_material.material_id = pro_material.id AND register_material.producer_id = com_producer.id AND register_material.supplier_id = com_supplier.id AND register_material.user_id = user.id AND status = ? order by create_time DESC 
2018-08-09 17:53:41.659 DEBUG 14356 --- [http-nio-8090-exec-2] c.n.e.s.d.R.getCommitRegister            : ==> Parameters: 1(Integer)
2018-08-09 17:53:47.132 DEBUG 14356 --- [http-nio-8090-exec-9] c.n.e.s.d.R.getCommitRegister            : ==>  Preparing: SELECT register_parts.id as id,platform.name as plat_name, pro_parts.id as parts_id,pro_parts.name as parts_name, com_producer.id as producer_id,com_producer.name as producer_name, com_supplier.id as supplier_id,com_supplier.name as supplier_name, user.id as user_id,user.name as user_name, register_parts.price,register_parts.count, register_parts.total_price,register_parts.remark, register_parts.create_time,register_parts.status FROM register_parts,user,pro_parts,com_producer,com_supplier,platform WHERE pro_parts.plat_id = platform.id AND register_parts.parts_id = pro_parts.id AND register_parts.producer_id = com_producer.id AND register_parts.supplier_id = com_supplier.id AND register_parts.user_id = user.id AND status = ? order by create_time DESC 
2018-08-09 17:53:47.142 DEBUG 14356 --- [http-nio-8090-exec-9] c.n.e.s.d.R.getCommitRegister            : ==> Parameters: 1(Integer)
2018-08-09 17:53:48.175 DEBUG 14356 --- [http-nio-8090-exec-4] c.n.e.s.d.R.getCommitRegister            : ==>  Preparing: SELECT register_reagent.id as id,platform.name as plat_name, pro_reagent.id as reagent_id,pro_reagent.name as reagent_name, com_producer.id as producer_id,com_producer.name as producer_name, com_supplier.id as supplier_id,com_supplier.name as supplier_name, user.id as user_id,user.name as user_name, register_reagent.price,register_reagent.count, register_reagent.total_price,register_reagent.remark, register_reagent.create_time,register_reagent.status FROM register_reagent,user,pro_reagent,com_producer,com_supplier,platform WHERE pro_reagent.plat_id = platform.id AND register_reagent.reagent_id = pro_reagent.id AND register_reagent.producer_id = com_producer.id AND register_reagent.supplier_id = com_supplier.id AND register_reagent.user_id = user.id AND status = ? order by create_time DESC 
2018-08-09 17:53:48.175 DEBUG 14356 --- [http-nio-8090-exec-4] c.n.e.s.d.R.getCommitRegister            : ==> Parameters: 1(Integer)
2018-08-09 17:53:49.490 DEBUG 14356 --- [http-nio-8090-exec-6] c.n.e.s.d.R.getCommitRegister            : ==>  Preparing: SELECT register_maintain.id as id,platform.name as plat_name, pro_maintain.id as maintain_id,pro_maintain.name as maintain_name, com_maintainer.id as maintainer_id,com_maintainer.name as maintainer_name, com_supplier.id as supplier_id,com_supplier.name as supplier_name, user.id as user_id,user.name as user_name, register_maintain.price,register_maintain.count, register_maintain.total_price,register_maintain.remark, register_maintain.create_time,register_maintain.status FROM register_maintain,user,pro_maintain,com_maintainer,com_supplier,platform WHERE pro_maintain.plat_id = platform.id AND register_maintain.maintain_id = pro_maintain.id AND register_maintain.maintainer_id = com_maintainer.id AND register_maintain.supplier_id = com_supplier.id AND register_maintain.user_id = user.id AND status = ? order by create_time DESC 
2018-08-09 17:53:49.490 DEBUG 14356 --- [http-nio-8090-exec-6] c.n.e.s.d.R.getCommitRegister            : ==> Parameters: 1(Integer)
2018-08-09 17:54:07.717 DEBUG 14356 --- [http-nio-8090-exec-3] c.n.e.s.d.R.getViewRegister_COUNT        : ==>  Preparing: SELECT count(0) FROM register_maintain, user, pro_maintain, com_maintainer, com_supplier, platform WHERE pro_maintain.plat_id = platform.id AND register_maintain.maintain_id = pro_maintain.id AND register_maintain.maintainer_id = com_maintainer.id AND register_maintain.supplier_id = com_supplier.id AND register_maintain.user_id = user.id AND status > ? 
2018-08-09 17:54:07.749 DEBUG 14356 --- [http-nio-8090-exec-3] c.n.e.s.d.R.getViewRegister_COUNT        : ==> Parameters: 1(Integer)
2018-08-09 17:55:05.301 DEBUG 14356 --- [http-nio-8090-exec-5] c.n.e.s.d.R.getCommitRegister            : ==>  Preparing: SELECT register_maintain.id as id,platform.name as plat_name, pro_maintain.id as maintain_id,pro_maintain.name as maintain_name, com_maintainer.id as maintainer_id,com_maintainer.name as maintainer_name, com_supplier.id as supplier_id,com_supplier.name as supplier_name, user.id as user_id,user.name as user_name, register_maintain.price,register_maintain.count, register_maintain.total_price,register_maintain.remark, register_maintain.create_time,register_maintain.status FROM register_maintain,user,pro_maintain,com_maintainer,com_supplier,platform WHERE pro_maintain.plat_id = platform.id AND register_maintain.maintain_id = pro_maintain.id AND register_maintain.maintainer_id = com_maintainer.id AND register_maintain.supplier_id = com_supplier.id AND register_maintain.user_id = user.id AND status = ? order by create_time DESC 
2018-08-09 17:55:05.303 DEBUG 14356 --- [http-nio-8090-exec-5] c.n.e.s.d.R.getCommitRegister            : ==> Parameters: 1(Integer)
2018-08-09 17:55:19.242 DEBUG 14356 --- [http-nio-8090-exec-7] c.n.e.s.d.R.getCommitRegister            : ==>  Preparing: SELECT register_maintain.id as id,platform.name as plat_name, pro_maintain.id as maintain_id,pro_maintain.name as maintain_name, com_maintainer.id as maintainer_id,com_maintainer.name as maintainer_name, com_supplier.id as supplier_id,com_supplier.name as supplier_name, user.id as user_id,user.name as user_name, register_maintain.price,register_maintain.count, register_maintain.total_price,register_maintain.remark, register_maintain.create_time,register_maintain.status FROM register_maintain,user,pro_maintain,com_maintainer,com_supplier,platform WHERE pro_maintain.plat_id = platform.id AND register_maintain.maintain_id = pro_maintain.id AND register_maintain.maintainer_id = com_maintainer.id AND register_maintain.supplier_id = com_supplier.id AND register_maintain.user_id = user.id AND status = ? order by create_time DESC 
2018-08-09 17:55:19.243 DEBUG 14356 --- [http-nio-8090-exec-7] c.n.e.s.d.R.getCommitRegister            : ==> Parameters: 1(Integer)
2018-08-09 17:55:31.253 DEBUG 14356 --- [http-nio-8090-exec-10] c.n.e.s.d.R.getCommitRegister            : ==>  Preparing: SELECT register_material.id as id,platform.name as plat_name, pro_material.id as material_id,pro_material.name as material_name, com_producer.id as producer_id,com_producer.name as producer_name, com_supplier.id as supplier_id,com_supplier.name as supplier_name, user.id as user_id,user.name as user_name, register_material.price,register_material.count, register_material.total_price,register_material.remark, register_material.create_time,register_material.status FROM register_material,user,pro_material,com_producer,com_supplier,platform WHERE pro_material.plat_id = platform.id AND register_material.material_id = pro_material.id AND register_material.producer_id = com_producer.id AND register_material.supplier_id = com_supplier.id AND register_material.user_id = user.id AND status = ? order by create_time DESC 
2018-08-09 17:55:31.254 DEBUG 14356 --- [http-nio-8090-exec-10] c.n.e.s.d.R.getCommitRegister            : ==> Parameters: 1(Integer)
2018-08-09 17:59:21.520 DEBUG 14356 --- [http-nio-8090-exec-2] c.n.e.s.d.UserMapper.selectByPrimaryKey  : ==>  Preparing: select id, username, password, name, sex, phone, telephone, email, type from user where id = ? 
2018-08-09 17:59:21.520 DEBUG 14356 --- [http-nio-8090-exec-2] c.n.e.s.d.UserMapper.selectByPrimaryKey  : ==> Parameters: 9(Integer)
2018-08-09 17:59:21.521 DEBUG 14356 --- [http-nio-8090-exec-2] c.n.e.s.d.UserMapper.selectByPrimaryKey  : <==      Total: 1
2018-08-09 17:59:21.826 DEBUG 14356 --- [http-nio-8090-exec-1] c.n.e.s.d.C.getMaintainerByName_COUNT    : ==>  Preparing: SELECT count(0) FROM com_maintainer WHERE name LIKE ? AND status = 1 
2018-08-09 17:59:21.829 DEBUG 14356 --- [http-nio-8090-exec-1] c.n.e.s.d.C.getMaintainerByName_COUNT    : ==> Parameters: %(String)
2018-08-09 17:59:22.087 DEBUG 14356 --- [http-nio-8090-exec-1] c.n.e.s.d.C.getMaintainerByName_COUNT    : <==      Total: 1
2018-08-09 17:59:22.162 DEBUG 14356 --- [http-nio-8090-exec-1] c.n.e.s.d.C.getMaintainerByName          : ==>  Preparing: select id, name, phone, address from com_maintainer WHERE name like ? AND status = 1 LIMIT ? 
2018-08-09 17:59:22.216 DEBUG 14356 --- [http-nio-8090-exec-1] c.n.e.s.d.C.getMaintainerByName          : ==> Parameters: %(String), 10(Integer)
2018-08-09 17:59:22.273 DEBUG 14356 --- [http-nio-8090-exec-1] c.n.e.s.d.C.getMaintainerByName          : <==      Total: 10
2018-08-09 18:01:37.987 DEBUG 14356 --- [http-nio-8090-exec-4] c.n.e.s.d.C.getMaintainerByName_COUNT    : ==>  Preparing: SELECT count(0) FROM com_maintainer WHERE name LIKE ? AND status = 1 
2018-08-09 18:01:37.988 DEBUG 14356 --- [http-nio-8090-exec-4] c.n.e.s.d.C.getMaintainerByName_COUNT    : ==> Parameters: %(String)
2018-08-09 18:01:37.989 DEBUG 14356 --- [http-nio-8090-exec-4] c.n.e.s.d.C.getMaintainerByName_COUNT    : <==      Total: 1
2018-08-09 18:01:37.990 DEBUG 14356 --- [http-nio-8090-exec-4] c.n.e.s.d.C.getMaintainerByName          : ==>  Preparing: select id, name, phone, address from com_maintainer WHERE name like ? AND status = 1 LIMIT ? 
2018-08-09 18:01:37.991 DEBUG 14356 --- [http-nio-8090-exec-4] c.n.e.s.d.C.getMaintainerByName          : ==> Parameters: %(String), 10(Integer)
2018-08-09 18:01:38.035 DEBUG 14356 --- [http-nio-8090-exec-4] c.n.e.s.d.C.getMaintainerByName          : <==      Total: 10
2018-08-09 18:03:29.087 DEBUG 14356 --- [http-nio-8090-exec-3] c.n.e.s.d.UserMapper.selectByPrimaryKey  : ==>  Preparing: select id, username, password, name, sex, phone, telephone, email, type from user where id = ? 
2018-08-09 18:03:29.087 DEBUG 14356 --- [http-nio-8090-exec-3] c.n.e.s.d.UserMapper.selectByPrimaryKey  : ==> Parameters: 9(Integer)
2018-08-09 18:03:29.088 DEBUG 14356 --- [http-nio-8090-exec-3] c.n.e.s.d.UserMapper.selectByPrimaryKey  : <==      Total: 1
2018-08-09 18:03:29.109 DEBUG 14356 --- [http-nio-8090-exec-5] c.n.e.s.d.C.getMaintainerByName_COUNT    : ==>  Preparing: SELECT count(0) FROM com_maintainer WHERE name LIKE ? AND status = 1 
2018-08-09 18:03:29.110 DEBUG 14356 --- [http-nio-8090-exec-5] c.n.e.s.d.C.getMaintainerByName_COUNT    : ==> Parameters: %(String)
2018-08-09 18:03:29.110 DEBUG 14356 --- [http-nio-8090-exec-5] c.n.e.s.d.C.getMaintainerByName_COUNT    : <==      Total: 1
2018-08-09 18:03:29.110 DEBUG 14356 --- [http-nio-8090-exec-5] c.n.e.s.d.C.getMaintainerByName          : ==>  Preparing: select id, name, phone, address from com_maintainer WHERE name like ? AND status = 1 LIMIT ? 
2018-08-09 18:03:29.111 DEBUG 14356 --- [http-nio-8090-exec-5] c.n.e.s.d.C.getMaintainerByName          : ==> Parameters: %(String), 10(Integer)
2018-08-09 18:03:29.111 DEBUG 14356 --- [http-nio-8090-exec-5] c.n.e.s.d.C.getMaintainerByName          : <==      Total: 10
2018-08-09 20:40:28.865 DEBUG 14356 --- [http-nio-8090-exec-2] c.n.e.s.dao.UserMapper.selectByPassword  : ==>  Preparing: select id, username, password, name, sex, phone, telephone, email, type from user where username=? AND password=? 
2018-08-09 20:40:28.866 DEBUG 14356 --- [http-nio-8090-exec-2] c.n.e.s.dao.UserMapper.selectByPassword  : ==> Parameters: manager(String), 78AE9A36AD80C5D88220578EF91F9E56(String)
2018-08-09 20:40:28.935 DEBUG 14356 --- [http-nio-8090-exec-2] c.n.e.s.dao.UserMapper.selectByPassword  : <==      Total: 1
2018-08-09 20:41:14.023 DEBUG 14356 --- [http-nio-8090-exec-8] c.n.e.srms.dao.ProMaintainMapper.insert  : ==>  Preparing: insert into pro_maintain (id, name, plat_id ) values (?, ?, ? ) 
2018-08-09 20:41:14.628 DEBUG 14356 --- [http-nio-8090-exec-8] c.n.e.srms.dao.ProMaintainMapper.insert  : ==> Parameters: null, string(String), null
2018-08-09 20:41:14.842 DEBUG 14356 --- [http-nio-8090-exec-8] c.n.e.srms.dao.ProMaintainMapper.insert  : <==    Updates: 1
2018-08-09 20:42:52.096  INFO 14356 --- [Thread-29] com.alibaba.druid.pool.DruidDataSource   : {dataSource-4} closed
2018-08-09 20:43:13.051  INFO 14356 --- [restartedMain] cn.nwsuaf.edu.srms.SrmsApplication       : Starting SrmsApplication on Kekeer with PID 14356 (D:\workspace\idea_workspace\project\NWSUAF_SRMS\target\classes started by ke li in D:\workspace\idea_workspace\project\NWSUAF_SRMS)
2018-08-09 20:43:13.051  INFO 14356 --- [restartedMain] cn.nwsuaf.edu.srms.SrmsApplication       : No active profile set, falling back to default profiles: default
2018-08-09 20:43:19.674  INFO 14356 --- [restartedMain] o.apache.catalina.core.StandardService   : Starting service [Tomcat]
2018-08-09 20:43:19.674  INFO 14356 --- [restartedMain] org.apache.catalina.core.StandardEngine  : Starting Servlet Engine: Apache Tomcat/8.5.31
2018-08-09 20:43:19.676  INFO 14356 --- [localhost-startStop-1] o.a.catalina.core.AprLifecycleListener   : Loaded APR based Apache Tomcat Native library [1.2.14] using APR version [1.6.2].
2018-08-09 20:43:19.688  INFO 14356 --- [localhost-startStop-1] o.a.catalina.core.AprLifecycleListener   : APR capabilities: IPv6 [true], sendfile [true], accept filters [false], random [true].
2018-08-09 20:43:19.688  INFO 14356 --- [localhost-startStop-1] o.a.catalina.core.AprLifecycleListener   : APR/OpenSSL configuration: useAprConnector [false], useOpenSSL [true]
2018-08-09 20:43:19.754  INFO 14356 --- [localhost-startStop-1] o.a.catalina.core.AprLifecycleListener   : OpenSSL successfully initialized [OpenSSL 1.0.2l  25 May 2017]
2018-08-09 20:43:19.788  INFO 14356 --- [localhost-startStop-1] o.a.c.c.C.[Tomcat-1].[localhost].[/]     : Initializing Spring embedded WebApplicationContext
2018-08-09 20:43:20.039  INFO 14356 --- [restartedMain] c.a.d.s.b.a.DruidDataSourceAutoConfigure : Init DruidDataSource
2018-08-09 20:43:20.645  INFO 14356 --- [restartedMain] com.alibaba.druid.pool.DruidDataSource   : {dataSource-5} inited
2018-08-09 20:43:22.243  INFO 14356 --- [restartedMain] d.s.w.p.DocumentationPluginsBootstrapper : Context refreshed
2018-08-09 20:43:22.244  INFO 14356 --- [restartedMain] d.s.w.p.DocumentationPluginsBootstrapper : Found 1 custom documentation plugin(s)
2018-08-09 20:43:22.246  INFO 14356 --- [restartedMain] s.d.s.w.s.ApiListingReferenceScanner     : Scanning for api listing references
2018-08-09 20:43:23.383  INFO 14356 --- [restartedMain] cn.nwsuaf.edu.srms.SrmsApplication       : Started SrmsApplication in 10.791 seconds (JVM running for 83419.584)
2018-08-09 20:43:47.405  INFO 14356 --- [http-nio-8090-exec-1] o.a.c.c.C.[Tomcat-1].[localhost].[/]     : Initializing Spring FrameworkServlet 'dispatcherServlet'
2018-08-09 20:43:58.010 DEBUG 14356 --- [http-nio-8090-exec-2] c.n.e.s.dao.UserMapper.selectByPassword  : ==>  Preparing: select id, username, password, name, sex, phone, telephone, email, type from user where username=? AND password=? 
2018-08-09 20:43:58.053 DEBUG 14356 --- [http-nio-8090-exec-2] c.n.e.s.dao.UserMapper.selectByPassword  : ==> Parameters: manager(String), 78AE9A36AD80C5D88220578EF91F9E56(String)
2018-08-09 20:43:58.096 DEBUG 14356 --- [http-nio-8090-exec-2] c.n.e.s.dao.UserMapper.selectByPassword  : <==      Total: 1
2018-08-09 20:44:02.665 DEBUG 14356 --- [http-nio-8090-exec-3] c.n.e.srms.dao.ProMaintainMapper.insert  : ==>  Preparing: insert into pro_maintain (id, name, plat_id ) values (?, ?, ? ) 
2018-08-09 20:44:02.683 DEBUG 14356 --- [http-nio-8090-exec-3] c.n.e.srms.dao.ProMaintainMapper.insert  : ==> Parameters: null, string(String), 1(Integer)
2018-08-09 20:44:02.772 DEBUG 14356 --- [http-nio-8090-exec-3] c.n.e.srms.dao.ProMaintainMapper.insert  : <==    Updates: 1
2018-08-09 20:47:50.822  INFO 14356 --- [Thread-38] com.alibaba.druid.pool.DruidDataSource   : {dataSource-5} closed
2018-08-09 20:47:51.798  INFO 14356 --- [restartedMain] cn.nwsuaf.edu.srms.SrmsApplication       : Starting SrmsApplication on Kekeer with PID 14356 (D:\workspace\idea_workspace\project\NWSUAF_SRMS\target\classes started by ke li in D:\workspace\idea_workspace\project\NWSUAF_SRMS)
2018-08-09 20:47:51.798  INFO 14356 --- [restartedMain] cn.nwsuaf.edu.srms.SrmsApplication       : No active profile set, falling back to default profiles: default
2018-08-09 20:47:52.615  INFO 14356 --- [restartedMain] o.apache.catalina.core.StandardService   : Starting service [Tomcat]
2018-08-09 20:47:52.615  INFO 14356 --- [restartedMain] org.apache.catalina.core.StandardEngine  : Starting Servlet Engine: Apache Tomcat/8.5.31
2018-08-09 20:47:52.619  INFO 14356 --- [localhost-startStop-1] o.a.catalina.core.AprLifecycleListener   : Loaded APR based Apache Tomcat Native library [1.2.14] using APR version [1.6.2].
2018-08-09 20:47:52.620  INFO 14356 --- [localhost-startStop-1] o.a.catalina.core.AprLifecycleListener   : APR capabilities: IPv6 [true], sendfile [true], accept filters [false], random [true].
2018-08-09 20:47:52.620  INFO 14356 --- [localhost-startStop-1] o.a.catalina.core.AprLifecycleListener   : APR/OpenSSL configuration: useAprConnector [false], useOpenSSL [true]
2018-08-09 20:47:52.620  INFO 14356 --- [localhost-startStop-1] o.a.catalina.core.AprLifecycleListener   : OpenSSL successfully initialized [OpenSSL 1.0.2l  25 May 2017]
2018-08-09 20:47:52.673  INFO 14356 --- [localhost-startStop-1] o.a.c.c.C.[Tomcat-1].[localhost].[/]     : Initializing Spring embedded WebApplicationContext
2018-08-09 20:47:52.780  INFO 14356 --- [restartedMain] c.a.d.s.b.a.DruidDataSourceAutoConfigure : Init DruidDataSource
2018-08-09 20:47:52.937  INFO 14356 --- [restartedMain] com.alibaba.druid.pool.DruidDataSource   : {dataSource-6} inited
2018-08-09 20:47:53.405  INFO 14356 --- [restartedMain] d.s.w.p.DocumentationPluginsBootstrapper : Context refreshed
2018-08-09 20:47:53.406  INFO 14356 --- [restartedMain] d.s.w.p.DocumentationPluginsBootstrapper : Found 1 custom documentation plugin(s)
2018-08-09 20:47:53.408  INFO 14356 --- [restartedMain] s.d.s.w.s.ApiListingReferenceScanner     : Scanning for api listing references
2018-08-09 20:47:53.696  INFO 14356 --- [restartedMain] cn.nwsuaf.edu.srms.SrmsApplication       : Started SrmsApplication in 1.929 seconds (JVM running for 83689.898)
2018-08-09 20:48:32.370  INFO 14356 --- [http-nio-8090-exec-1] o.a.c.c.C.[Tomcat-1].[localhost].[/]     : Initializing Spring FrameworkServlet 'dispatcherServlet'
2018-08-09 20:48:32.391 DEBUG 14356 --- [http-nio-8090-exec-1] c.n.e.srms.dao.ProMaterialMapper.insert  : ==>  Preparing: insert into pro_material (id, name, specification, plat_id) values (?, ?, ?, ?) 
2018-08-09 20:48:32.392 DEBUG 14356 --- [http-nio-8090-exec-1] c.n.e.srms.dao.ProMaterialMapper.insert  : ==> Parameters: null, string(String), string(String), null
2018-08-09 20:48:32.524 DEBUG 14356 --- [http-nio-8090-exec-1] c.n.e.srms.dao.ProMaterialMapper.insert  : <==    Updates: 1
2018-08-09 20:50:14.465  INFO 14356 --- [Thread-44] com.alibaba.druid.pool.DruidDataSource   : {dataSource-6} closed
2018-08-09 20:50:14.949  INFO 14356 --- [restartedMain] cn.nwsuaf.edu.srms.SrmsApplication       : Starting SrmsApplication on Kekeer with PID 14356 (D:\workspace\idea_workspace\project\NWSUAF_SRMS\target\classes started by ke li in D:\workspace\idea_workspace\project\NWSUAF_SRMS)
2018-08-09 20:50:14.949  INFO 14356 --- [restartedMain] cn.nwsuaf.edu.srms.SrmsApplication       : No active profile set, falling back to default profiles: default
2018-08-09 20:50:15.662  INFO 14356 --- [restartedMain] o.apache.catalina.core.StandardService   : Starting service [Tomcat]
2018-08-09 20:50:15.662  INFO 14356 --- [restartedMain] org.apache.catalina.core.StandardEngine  : Starting Servlet Engine: Apache Tomcat/8.5.31
2018-08-09 20:50:15.663  INFO 14356 --- [localhost-startStop-1] o.a.catalina.core.AprLifecycleListener   : Loaded APR based Apache Tomcat Native library [1.2.14] using APR version [1.6.2].
2018-08-09 20:50:15.663  INFO 14356 --- [localhost-startStop-1] o.a.catalina.core.AprLifecycleListener   : APR capabilities: IPv6 [true], sendfile [true], accept filters [false], random [true].
2018-08-09 20:50:15.663  INFO 14356 --- [localhost-startStop-1] o.a.catalina.core.AprLifecycleListener   : APR/OpenSSL configuration: useAprConnector [false], useOpenSSL [true]
2018-08-09 20:50:15.663  INFO 14356 --- [localhost-startStop-1] o.a.catalina.core.AprLifecycleListener   : OpenSSL successfully initialized [OpenSSL 1.0.2l  25 May 2017]
2018-08-09 20:50:15.679  INFO 14356 --- [localhost-startStop-1] o.a.c.c.C.[Tomcat-1].[localhost].[/]     : Initializing Spring embedded WebApplicationContext
2018-08-09 20:50:16.193  INFO 14356 --- [restartedMain] c.a.d.s.b.a.DruidDataSourceAutoConfigure : Init DruidDataSource
2018-08-09 20:50:16.416  INFO 14356 --- [restartedMain] com.alibaba.druid.pool.DruidDataSource   : {dataSource-7} inited
2018-08-09 20:50:19.382  INFO 14356 --- [restartedMain] d.s.w.p.DocumentationPluginsBootstrapper : Context refreshed
2018-08-09 20:50:19.383  INFO 14356 --- [restartedMain] d.s.w.p.DocumentationPluginsBootstrapper : Found 1 custom documentation plugin(s)
2018-08-09 20:50:19.385  INFO 14356 --- [restartedMain] s.d.s.w.s.ApiListingReferenceScanner     : Scanning for api listing references
2018-08-09 20:50:22.198  INFO 14356 --- [restartedMain] cn.nwsuaf.edu.srms.SrmsApplication       : Started SrmsApplication in 7.282 seconds (JVM running for 83838.399)
2018-08-09 20:50:25.951  INFO 14356 --- [http-nio-8090-exec-1] o.a.c.c.C.[Tomcat-1].[localhost].[/]     : Initializing Spring FrameworkServlet 'dispatcherServlet'
